momomusic/build/outputs/logs/manifest-merger-debug-report.txt
-- Merging decision tree log ---
manifest
ADDED from src/main/AndroidManifest.xml:2:1-59:12
INJECTED from src/main/AndroidManifest.xml:2:1-59:12
INJECTED from src/main/AndroidManifest.xml:2:1-59:12
INJECTED from src/main/AndroidManifest.xml:2:1-59:12
MERGED from [com.google.android.material:material:1.0.0-beta01] AndroidManifest.xml:17:1-24:12
MERGED from [androidx.appcompat:appcompat:1.0.0-rc01] AndroidManifest.xml:17:1-22:12
MERGED from [androidx.constraintlayout:constraintlayout:1.1.3] AndroidManifest.xml:2:1-11:12
MERGED from [androidx.legacy:legacy-support-v4:1.0.0-beta01] AndroidManifest.xml:17:1-22:12
MERGED from [org.litepal.android:core:1.4.1] AndroidManifest.xml:2:1-16:12
MERGED from [androidx.cardview:cardview:1.0.0-beta01] AndroidManifest.xml:17:1-22:12
MERGED from [de.hdodenhof:circleimageview:2.2.0] AndroidManifest.xml:2:1-11:12
MERGED from [androidx.palette:palette:1.0.0-beta01] AndroidManifest.xml:17:1-22:12
MERGED from [androidx.percentlayout:percentlayout:1.0.0-beta01] AndroidManifest.xml:17:1-22:12
MERGED from [com.orhanobut:logger:1.15] AndroidManifest.xml:2:1-8:12
MERGED from [io.reactivex:rxandroid:1.2.1] AndroidManifest.xml:15:1-21:12
MERGED from [androidx.recyclerview:recyclerview:1.0.0-rc01] AndroidManifest.xml:17:1-22:12
MERGED from [com.jakewharton:butterknife:10.1.0] AndroidManifest.xml:2:1-7:12
MERGED from [androidx.fragment:fragment:1.0.0-rc01] AndroidManifest.xml:17:1-22:12
MERGED from [androidx.vectordrawable:vectordrawable-animated:1.0.0-rc01] AndroidManifest.xml:17:1-22:12
MERGED from [androidx.legacy:legacy-support-core-ui:1.0.0-rc01] AndroidManifest.xml:17:1-22:12
MERGED from [androidx.cursoradapter:cursoradapter:1.0.0-rc01] AndroidManifest.xml:17:1-22:12
MERGED from [androidx.legacy:legacy-support-core-utils:1.0.0-rc01] AndroidManifest.xml:17:1-22:12
MERGED from [androidx.vectordrawable:vectordrawable:1.0.0-rc01] AndroidManifest.xml:17:1-22:12
MERGED from [androidx.media:media:1.0.0-beta01] AndroidManifest.xml:17:1-22:12
MERGED from [androidx.transition:transition:1.0.0-beta01] AndroidManifest.xml:17:1-22:12
MERGED from [androidx.documentfile:documentfile:1.0.0-rc01] AndroidManifest.xml:17:1-22:12
MERGED from [androidx.loader:loader:1.0.0-rc01] AndroidManifest.xml:17:1-22:12
MERGED from [androidx.localbroadcastmanager:localbroadcastmanager:1.0.0-rc01] AndroidManifest.xml:17:1-22:12
MERGED from [androidx.print:print:1.0.0-rc01] AndroidManifest.xml:17:1-22:12
MERGED from [androidx.viewpager:viewpager:1.0.0-rc01] AndroidManifest.xml:17:1-22:12
MERGED from [androidx.coordinatorlayout:coordinatorlayout:1.0.0-rc01] AndroidManifest.xml:17:1-22:12
MERGED from [androidx.drawerlayout:drawerlayout:1.0.0-rc01] AndroidManifest.xml:17:1-22:12
MERGED from [androidx.slidingpanelayout:slidingpanelayout:1.0.0-rc01] AndroidManifest.xml:17:1-22:12
MERGED from [androidx.customview:customview:1.0.0-rc01] AndroidManifest.xml:17:1-22:12
MERGED from [androidx.swiperefreshlayout:swiperefreshlayout:1.0.0-rc01] AndroidManifest.xml:17:1-22:12
MERGED from [androidx.interpolator:interpolator:1.0.0-rc01] AndroidManifest.xml:17:1-22:12
MERGED from [androidx.asynclayoutinflater:asynclayoutinflater:1.0.0-rc01] AndroidManifest.xml:17:1-22:12
MERGED from [com.jakewharton:butterknife-runtime:10.1.0] AndroidManifest.xml:2:1-7:12
MERGED from [androidx.core:core:1.0.0] AndroidManifest.xml:17:1-24:12
MERGED from [androidx.versionedparcelable:versionedparcelable:1.0.0] AndroidManifest.xml:17:1-25:12
MERGED from [androidx.lifecycle:lifecycle-runtime:2.0.0] AndroidManifest.xml:17:1-22:12
MERGED from [androidx.lifecycle:lifecycle-livedata-core:2.0.0-rc01] AndroidManifest.xml:17:1-22:12
MERGED from [androidx.arch.core:core-runtime:2.0.0-rc01] AndroidManifest.xml:17:1-22:12
MERGED from [androidx.lifecycle:lifecycle-viewmodel:2.0.0-rc01] AndroidManifest.xml:17:1-22:12
INJECTED from src/main/AndroidManifest.xml:2:1-59:12
INJECTED from src/main/AndroidManifest.xml:2:1-59:12
INJECTED from src/main/AndroidManifest.xml:2:1-59:12
	package
		ADDED from src/main/AndroidManifest.xml:4:5-36
		INJECTED from src/main/AndroidManifest.xml
		INJECTED from src/main/AndroidManifest.xml
	android:versionName
		INJECTED from src/main/AndroidManifest.xml
		ADDED from src/main/AndroidManifest.xml:2:1-59:12
		INJECTED from src/main/AndroidManifest.xml
	xmlns:tools
		ADDED from src/main/AndroidManifest.xml:3:5-51
	android:versionCode
		INJECTED from src/main/AndroidManifest.xml
		ADDED from src/main/AndroidManifest.xml:2:1-59:12
		INJECTED from src/main/AndroidManifest.xml
	xmlns:android
		ADDED from src/main/AndroidManifest.xml:2:11-69
uses-permission#android.permission.INTERNET
ADDED from src/main/AndroidManifest.xml:7:5-83
	android:name
		ADDED from src/main/AndroidManifest.xml:7:22-64
uses-permission#android.permission.READ_EXTERNAL_STORAGE
ADDED from src/main/AndroidManifest.xml:8:5-96
	android:name
		ADDED from src/main/AndroidManifest.xml:8:22-77
uses-permission#android.permission.WRITE_EXTERNAL_STORAGE
ADDED from src/main/AndroidManifest.xml:9:5-97
	android:name
		ADDED from src/main/AndroidManifest.xml:9:22-78
uses-permission#android.permission.CAMERA
ADDED from src/main/AndroidManifest.xml:10:5-81
	android:name
		ADDED from src/main/AndroidManifest.xml:10:22-62
uses-permission#android.permission.ACCESS_FINE_LOCATION
ADDED from src/main/AndroidManifest.xml:11:5-95
	android:name
		ADDED from src/main/AndroidManifest.xml:11:22-76
uses-permission#android.permission.SEND_SMS
ADDED from src/main/AndroidManifest.xml:12:5-67
	android:name
		ADDED from src/main/AndroidManifest.xml:12:22-64
uses-permission#android.permission.FOREGROUND_SERVICE
ADDED from src/main/AndroidManifest.xml:13:5-93
	android:name
		ADDED from src/main/AndroidManifest.xml:13:22-74
uses-permission#android.permission.ACCESS_NETWORK_STATE
ADDED from src/main/AndroidManifest.xml:15:5-79
	android:name
		ADDED from src/main/AndroidManifest.xml:15:22-76
uses-permission#android.permission.READ_PHONE_STATE
ADDED from src/main/AndroidManifest.xml:17:5-75
	android:name
		ADDED from src/main/AndroidManifest.xml:17:22-72
uses-permission#com.android.launcher.permission.READ_SETTINGS
ADDED from src/main/AndroidManifest.xml:19:5-85
	android:name
		ADDED from src/main/AndroidManifest.xml:19:22-82
uses-permission#android.permission.ACCESS_WIFI_STATE
ADDED from src/main/AndroidManifest.xml:21:5-76
	android:name
		ADDED from src/main/AndroidManifest.xml:21:22-73
uses-permission#android.permission.WRITE_SETTINGS
ADDED from src/main/AndroidManifest.xml:23:5-25:47
	tools:ignore
		ADDED from src/main/AndroidManifest.xml:25:9-44
	android:name
		ADDED from src/main/AndroidManifest.xml:24:9-57
uses-permission#android.permission.ACCESS_COARSE_LOCATION
ADDED from src/main/AndroidManifest.xml:27:5-81
	android:name
		ADDED from src/main/AndroidManifest.xml:27:22-78
uses-permission#android.permission.WAKE_LOCK
ADDED from src/main/AndroidManifest.xml:29:5-68
	android:name
		ADDED from src/main/AndroidManifest.xml:29:22-65
application
ADDED from src/main/AndroidManifest.xml:32:5-57:19
MERGED from [com.google.android.material:material:1.0.0-beta01] AndroidManifest.xml:22:5-20
MERGED from [com.google.android.material:material:1.0.0-beta01] AndroidManifest.xml:22:5-20
MERGED from [androidx.constraintlayout:constraintlayout:1.1.3] AndroidManifest.xml:9:5-20
MERGED from [androidx.constraintlayout:constraintlayout:1.1.3] AndroidManifest.xml:9:5-20
MERGED from [org.litepal.android:core:1.4.1] AndroidManifest.xml:11:5-14:19
MERGED from [org.litepal.android:core:1.4.1] AndroidManifest.xml:11:5-14:19
MERGED from [de.hdodenhof:circleimageview:2.2.0] AndroidManifest.xml:9:5-20
MERGED from [de.hdodenhof:circleimageview:2.2.0] AndroidManifest.xml:9:5-20
MERGED from [androidx.core:core:1.0.0] AndroidManifest.xml:22:5-89
MERGED from [androidx.core:core:1.0.0] AndroidManifest.xml:22:5-89
MERGED from [androidx.versionedparcelable:versionedparcelable:1.0.0] AndroidManifest.xml:22:5-23:19
MERGED from [androidx.versionedparcelable:versionedparcelable:1.0.0] AndroidManifest.xml:22:5-23:19
	android:appComponentFactory
		ADDED from [androidx.core:core:1.0.0] AndroidManifest.xml:22:18-86
	android:supportsRtl
		ADDED from src/main/AndroidManifest.xml:38:9-35
	android:label
		ADDED from src/main/AndroidManifest.xml:36:9-41
	android:roundIcon
		ADDED from src/main/AndroidManifest.xml:37:9-54
	android:icon
		ADDED from src/main/AndroidManifest.xml:35:9-43
	android:allowBackup
		ADDED from src/main/AndroidManifest.xml:34:9-35
	android:theme
		ADDED from src/main/AndroidManifest.xml:39:9-40
	android:name
		ADDED from src/main/AndroidManifest.xml:33:9-50
activity#com.example.momomusic.activity.MainActivity
ADDED from src/main/AndroidManifest.xml:40:9-46:20
	android:name
		ADDED from src/main/AndroidManifest.xml:40:19-56
intent-filter#action:name:android.intent.action.MAIN+category:name:android.intent.category.LAUNCHER
ADDED from src/main/AndroidManifest.xml:41:13-45:29
action#android.intent.action.MAIN
ADDED from src/main/AndroidManifest.xml:42:17-69
	android:name
		ADDED from src/main/AndroidManifest.xml:42:25-66
category#android.intent.category.LAUNCHER
ADDED from src/main/AndroidManifest.xml:44:17-77
	android:name
		ADDED from src/main/AndroidManifest.xml:44:27-74
activity#com.example.momomusic.activity.PrimaryActivity
ADDED from src/main/AndroidManifest.xml:47:9-62
	android:name
		ADDED from src/main/AndroidManifest.xml:47:19-59
activity#com.example.momomusic.Test.TestAcitivity
ADDED from src/main/AndroidManifest.xml:48:9-54:20
	android:name
		ADDED from src/main/AndroidManifest.xml:48:19-53
service#com.example.momomusic.servie.PlayService
ADDED from src/main/AndroidManifest.xml:56:9-55
	android:name
		ADDED from src/main/AndroidManifest.xml:56:18-52
uses-sdk
INJECTED from src/main/AndroidManifest.xml reason: use-sdk injection requested
INJECTED from src/main/AndroidManifest.xml
INJECTED from src/main/AndroidManifest.xml
MERGED from [com.google.android.material:material:1.0.0-beta01] AndroidManifest.xml:20:5-44
MERGED from [com.google.android.material:material:1.0.0-beta01] AndroidManifest.xml:20:5-44
MERGED from [androidx.appcompat:appcompat:1.0.0-rc01] AndroidManifest.xml:20:5-44
MERGED from [androidx.appcompat:appcompat:1.0.0-rc01] AndroidManifest.xml:20:5-44
MERGED from [androidx.constraintlayout:constraintlayout:1.1.3] AndroidManifest.xml:5:5-7:41
MERGED from [androidx.constraintlayout:constraintlayout:1.1.3] AndroidManifest.xml:5:5-7:41
MERGED from [androidx.legacy:legacy-support-v4:1.0.0-beta01] AndroidManifest.xml:20:5-44
MERGED from [androidx.legacy:legacy-support-v4:1.0.0-beta01] AndroidManifest.xml:20:5-44
MERGED from [org.litepal.android:core:1.4.1] AndroidManifest.xml:7:5-9:41
MERGED from [org.litepal.android:core:1.4.1] AndroidManifest.xml:7:5-9:41
MERGED from [androidx.cardview:cardview:1.0.0-beta01] AndroidManifest.xml:20:5-44
MERGED from [androidx.cardview:cardview:1.0.0-beta01] AndroidManifest.xml:20:5-44
MERGED from [de.hdodenhof:circleimageview:2.2.0] AndroidManifest.xml:5:5-7:41
MERGED from [de.hdodenhof:circleimageview:2.2.0] AndroidManifest.xml:5:5-7:41
MERGED from [androidx.palette:palette:1.0.0-beta01] AndroidManifest.xml:20:5-44
MERGED from [androidx.palette:palette:1.0.0-beta01] AndroidManifest.xml:20:5-44
MERGED from [androidx.percentlayout:percentlayout:1.0.0-beta01] AndroidManifest.xml:20:5-44
MERGED from [androidx.percentlayout:percentlayout:1.0.0-beta01] AndroidManifest.xml:20:5-44
MERGED from [com.orhanobut:logger:1.15] AndroidManifest.xml:6:5-43
MERGED from [com.orhanobut:logger:1.15] AndroidManifest.xml:6:5-43
MERGED from [io.reactivex:rxandroid:1.2.1] AndroidManifest.xml:19:5-43
MERGED from [io.reactivex:rxandroid:1.2.1] AndroidManifest.xml:19:5-43
MERGED from [androidx.recyclerview:recyclerview:1.0.0-rc01] AndroidManifest.xml:20:5-44
MERGED from [androidx.recyclerview:recyclerview:1.0.0-rc01] AndroidManifest.xml:20:5-44
MERGED from [com.jakewharton:butterknife:10.1.0] AndroidManifest.xml:5:5-44
MERGED from [com.jakewharton:butterknife:10.1.0] AndroidManifest.xml:5:5-44
MERGED from [androidx.fragment:fragment:1.0.0-rc01] AndroidManifest.xml:20:5-44
MERGED from [androidx.fragment:fragment:1.0.0-rc01] AndroidManifest.xml:20:5-44
MERGED from [androidx.vectordrawable:vectordrawable-animated:1.0.0-rc01] AndroidManifest.xml:20:5-44
MERGED from [androidx.vectordrawable:vectordrawable-animated:1.0.0-rc01] AndroidManifest.xml:20:5-44
MERGED from [androidx.legacy:legacy-support-core-ui:1.0.0-rc01] AndroidManifest.xml:20:5-44
MERGED from [androidx.legacy:legacy-support-core-ui:1.0.0-rc01] AndroidManifest.xml:20:5-44
MERGED from [androidx.cursoradapter:cursoradapter:1.0.0-rc01] AndroidManifest.xml:20:5-44
MERGED from [androidx.cursoradapter:cursoradapter:1.0.0-rc01] AndroidManifest.xml:20:5-44
MERGED from [androidx.legacy:legacy-support-core-utils:1.0.0-rc01] AndroidManifest.xml:20:5-44
MERGED from [androidx.legacy:legacy-support-core-utils:1.0.0-rc01] AndroidManifest.xml:20:5-44
MERGED from [androidx.vectordrawable:vectordrawable:1.0.0-rc01] AndroidManifest.xml:20:5-44
MERGED from [androidx.vectordrawable:vectordrawable:1.0.0-rc01] AndroidManifest.xml:20:5-44
MERGED from [androidx.media:media:1.0.0-beta01] AndroidManifest.xml:20:5-44
MERGED from [androidx.media:media:1.0.0-beta01] AndroidManifest.xml:20:5-44
MERGED from [androidx.transition:transition:1.0.0-beta01] AndroidManifest.xml:20:5-44
MERGED from [androidx.transition:transition:1.0.0-beta01] AndroidManifest.xml:20:5-44
MERGED from [androidx.documentfile:documentfile:1.0.0-rc01] AndroidManifest.xml:20:5-44
MERGED from [androidx.documentfile:documentfile:1.0.0-rc01] AndroidManifest.xml:20:5-44
MERGED from [androidx.loader:loader:1.0.0-rc01] AndroidManifest.xml:20:5-44
MERGED from [androidx.loader:loader:1.0.0-rc01] AndroidManifest.xml:20:5-44
MERGED from [androidx.localbroadcastmanager:localbroadcastmanager:1.0.0-rc01] AndroidManifest.xml:20:5-44
MERGED from [androidx.localbroadcastmanager:localbroadcastmanager:1.0.0-rc01] AndroidManifest.xml:20:5-44
MERGED from [androidx.print:print:1.0.0-rc01] AndroidManifest.xml:20:5-44
MERGED from [androidx.print:print:1.0.0-rc01] AndroidManifest.xml:20:5-44
MERGED from [androidx.viewpager:viewpager:1.0.0-rc01] AndroidManifest.xml:20:5-44
MERGED from [androidx.viewpager:viewpager:1.0.0-rc01] AndroidManifest.xml:20:5-44
MERGED from [androidx.coordinatorlayout:coordinatorlayout:1.0.0-rc01] AndroidManifest.xml:20:5-44
MERGED from [androidx.coordinatorlayout:coordinatorlayout:1.0.0-rc01] AndroidManifest.xml:20:5-44
MERGED from [androidx.drawerlayout:drawerlayout:1.0.0-rc01] AndroidManifest.xml:20:5-44
MERGED from [androidx.drawerlayout:drawerlayout:1.0.0-rc01] AndroidManifest.xml:20:5-44
MERGED from [androidx.slidingpanelayout:slidingpanelayout:1.0.0-rc01] AndroidManifest.xml:20:5-44
MERGED from [androidx.slidingpanelayout:slidingpanelayout:1.0.0-rc01] AndroidManifest.xml:20:5-44
MERGED from [androidx.customview:customview:1.0.0-rc01] AndroidManifest.xml:20:5-44
MERGED from [androidx.customview:customview:1.0.0-rc01] AndroidManifest.xml:20:5-44
MERGED from [androidx.swiperefreshlayout:swiperefreshlayout:1.0.0-rc01] AndroidManifest.xml:20:5-44
MERGED from [androidx.swiperefreshlayout:swiperefreshlayout:1.0.0-rc01] AndroidManifest.xml:20:5-44
MERGED from [androidx.interpolator:interpolator:1.0.0-rc01] AndroidManifest.xml:20:5-44
MERGED from [androidx.interpolator:interpolator:1.0.0-rc01] AndroidManifest.xml:20:5-44
MERGED from [androidx.asynclayoutinflater:asynclayoutinflater:1.0.0-rc01] AndroidManifest.xml:20:5-44
MERGED from [androidx.asynclayoutinflater:asynclayoutinflater:1.0.0-rc01] AndroidManifest.xml:20:5-44
MERGED from [com.jakewharton:butterknife-runtime:10.1.0] AndroidManifest.xml:5:5-44
MERGED from [com.jakewharton:butterknife-runtime:10.1.0] AndroidManifest.xml:5:5-44
MERGED from [androidx.core:core:1.0.0] AndroidManifest.xml:20:5-44
MERGED from [androidx.core:core:1.0.0] AndroidManifest.xml:20:5-44
MERGED from [androidx.versionedparcelable:versionedparcelable:1.0.0] AndroidManifest.xml:20:5-44
MERGED from [androidx.versionedparcelable:versionedparcelable:1.0.0] AndroidManifest.xml:20:5-44
MERGED from [androidx.lifecycle:lifecycle-runtime:2.0.0] AndroidManifest.xml:20:5-44
MERGED from [androidx.lifecycle:lifecycle-runtime:2.0.0] AndroidManifest.xml:20:5-44
MERGED from [androidx.lifecycle:lifecycle-livedata-core:2.0.0-rc01] AndroidManifest.xml:20:5-44
MERGED from [androidx.lifecycle:lifecycle-livedata-core:2.0.0-rc01] AndroidManifest.xml:20:5-44
MERGED from [androidx.arch.core:core-runtime:2.0.0-rc01] AndroidManifest.xml:20:5-44
MERGED from [androidx.arch.core:core-runtime:2.0.0-rc01] AndroidManifest.xml:20:5-44
MERGED from [androidx.lifecycle:lifecycle-viewmodel:2.0.0-rc01] AndroidManifest.xml:20:5-44
MERGED from [androidx.lifecycle:lifecycle-viewmodel:2.0.0-rc01] AndroidManifest.xml:20:5-44
INJECTED from src/main/AndroidManifest.xml
INJECTED from src/main/AndroidManifest.xml
	android:targetSdkVersion
		INJECTED from src/main/AndroidManifest.xml
		ADDED from src/main/AndroidManifest.xml
		INJECTED from src/main/AndroidManifest.xml
	android:minSdkVersion
		INJECTED from src/main/AndroidManifest.xml
		ADDED from src/main/AndroidManifest.xml
		INJECTED from src/main/AndroidManifest.xml